2025-05-21T20:47:17.496+03:00  INFO 21156 --- [awbd] [main] com.unibuc.awbd.AwbdApplication          : Starting AwbdApplication using Java 22.0.2 with PID 21156 (D:\Master UNIBUC\Cursuri\Anul 1\Semestrul 2\AWBD\proiect\awbd\target\classes started by eusia in D:\Master UNIBUC\Cursuri\Anul 1\Semestrul 2\AWBD\proiect\awbd)
2025-05-21T20:47:17.503+03:00 DEBUG 21156 --- [awbd] [main] com.unibuc.awbd.AwbdApplication          : Running with Spring Boot v3.4.5, Spring v6.2.6
2025-05-21T20:47:17.503+03:00  INFO 21156 --- [awbd] [main] com.unibuc.awbd.AwbdApplication          : No active profile set, falling back to 1 default profile: "default"
2025-05-21T20:47:18.179+03:00  INFO 21156 --- [awbd] [main] .s.d.r.c.RepositoryConfigurationDelegate : Bootstrapping Spring Data JPA repositories in DEFAULT mode.
2025-05-21T20:47:18.226+03:00  INFO 21156 --- [awbd] [main] .s.d.r.c.RepositoryConfigurationDelegate : Finished Spring Data repository scanning in 32 ms. Found 5 JPA repository interfaces.
2025-05-21T20:47:18.559+03:00  INFO 21156 --- [awbd] [main] o.s.b.w.embedded.tomcat.TomcatWebServer  : Tomcat initialized with port 8080 (http)
2025-05-21T20:47:18.559+03:00  INFO 21156 --- [awbd] [main] o.apache.catalina.core.StandardService   : Starting service [Tomcat]
2025-05-21T20:47:18.559+03:00  INFO 21156 --- [awbd] [main] o.apache.catalina.core.StandardEngine    : Starting Servlet engine: [Apache Tomcat/10.1.40]
2025-05-21T20:47:18.591+03:00  INFO 21156 --- [awbd] [main] o.a.c.c.C.[Tomcat].[localhost].[/]       : Initializing Spring embedded WebApplicationContext
2025-05-21T20:47:18.591+03:00  INFO 21156 --- [awbd] [main] w.s.c.ServletWebServerApplicationContext : Root WebApplicationContext: initialization completed in 1059 ms
2025-05-21T20:47:18.692+03:00  INFO 21156 --- [awbd] [main] o.hibernate.jpa.internal.util.LogHelper  : HHH000204: Processing PersistenceUnitInfo [name: default]
2025-05-21T20:47:18.725+03:00  INFO 21156 --- [awbd] [main] org.hibernate.Version                    : HHH000412: Hibernate ORM core version 6.6.13.Final
2025-05-21T20:47:18.755+03:00  INFO 21156 --- [awbd] [main] o.h.c.internal.RegionFactoryInitiator    : HHH000026: Second-level cache disabled
2025-05-21T20:47:18.944+03:00  INFO 21156 --- [awbd] [main] o.s.o.j.p.SpringPersistenceUnitInfo      : No LoadTimeWeaver setup: ignoring JPA class transformer
2025-05-21T20:47:18.961+03:00  INFO 21156 --- [awbd] [main] com.zaxxer.hikari.HikariDataSource       : HikariPool-1 - Starting...
2025-05-21T20:47:19.066+03:00  INFO 21156 --- [awbd] [main] com.zaxxer.hikari.pool.HikariPool        : HikariPool-1 - Added connection com.mysql.cj.jdbc.ConnectionImpl@18bb1b88
2025-05-21T20:47:19.066+03:00  INFO 21156 --- [awbd] [main] com.zaxxer.hikari.HikariDataSource       : HikariPool-1 - Start completed.
2025-05-21T20:47:19.125+03:00  INFO 21156 --- [awbd] [main] org.hibernate.orm.connections.pooling    : HHH10001005: Database info:
	Database JDBC URL [Connecting through datasource 'HikariDataSource (HikariPool-1)']
	Database driver: undefined/unknown
	Database version: 9.1
	Autocommit mode: undefined/unknown
	Isolation level: undefined/unknown
	Minimum pool size: undefined/unknown
	Maximum pool size: undefined/unknown
2025-05-21T20:47:19.796+03:00  INFO 21156 --- [awbd] [main] o.h.e.t.j.p.i.JtaPlatformInitiator       : HHH000489: No JTA platform available (set 'hibernate.transaction.jta.platform' to enable JTA platform integration)
2025-05-21T20:47:19.854+03:00  INFO 21156 --- [awbd] [main] j.LocalContainerEntityManagerFactoryBean : Initialized JPA EntityManagerFactory for persistence unit 'default'
2025-05-21T20:47:19.869+03:00  INFO 21156 --- [awbd] [main] o.s.s.p.JdbcUserDetailsManager           : No authentication manager set. Reauthentication of users when changing passwords will not be performed.
2025-05-21T20:47:20.138+03:00  WARN 21156 --- [awbd] [main] JpaBaseConfiguration$JpaWebConfiguration : spring.jpa.open-in-view is enabled by default. Therefore, database queries may be performed during view rendering. Explicitly configure spring.jpa.open-in-view to disable this warning
2025-05-21T20:47:20.155+03:00  INFO 21156 --- [awbd] [main] r$InitializeUserDetailsManagerConfigurer : Global AuthenticationManager configured with UserDetailsService bean with name userDetailsService
2025-05-21T20:47:20.201+03:00  INFO 21156 --- [awbd] [main] o.s.b.a.w.s.WelcomePageHandlerMapping    : Adding welcome page template: index
2025-05-21T20:47:20.503+03:00  INFO 21156 --- [awbd] [main] o.s.b.w.embedded.tomcat.TomcatWebServer  : Tomcat started on port 8080 (http) with context path '/'
2025-05-21T20:47:20.508+03:00  INFO 21156 --- [awbd] [main] com.unibuc.awbd.AwbdApplication          : Started AwbdApplication in 3.294 seconds (process running for 4.842)
2025-05-21T20:47:24.884+03:00  INFO 21156 --- [awbd] [http-nio-8080-exec-1] o.a.c.c.C.[Tomcat].[localhost].[/]       : Initializing Spring DispatcherServlet 'dispatcherServlet'
2025-05-21T20:47:24.884+03:00  INFO 21156 --- [awbd] [http-nio-8080-exec-1] o.s.web.servlet.DispatcherServlet        : Initializing Servlet 'dispatcherServlet'
2025-05-21T20:47:24.887+03:00  INFO 21156 --- [awbd] [http-nio-8080-exec-1] o.s.web.servlet.DispatcherServlet        : Completed initialization in 3 ms
2025-05-21T20:49:25.651+03:00  INFO 21156 --- [awbd] [SpringApplicationShutdownHook] o.s.b.w.e.tomcat.GracefulShutdown        : Commencing graceful shutdown. Waiting for active requests to complete
2025-05-21T20:49:25.671+03:00  INFO 21156 --- [awbd] [tomcat-shutdown] o.s.b.w.e.tomcat.GracefulShutdown        : Graceful shutdown complete
2025-05-21T20:49:25.682+03:00  INFO 21156 --- [awbd] [SpringApplicationShutdownHook] j.LocalContainerEntityManagerFactoryBean : Closing JPA EntityManagerFactory for persistence unit 'default'
2025-05-21T20:49:25.692+03:00  INFO 21156 --- [awbd] [SpringApplicationShutdownHook] com.zaxxer.hikari.HikariDataSource       : HikariPool-1 - Shutdown initiated...
2025-05-21T20:49:25.725+03:00  INFO 21156 --- [awbd] [SpringApplicationShutdownHook] com.zaxxer.hikari.HikariDataSource       : HikariPool-1 - Shutdown completed.
